<?xml version="1.0" encoding="UTF-8"?>
<!-- Generated by org.testng.reporters.JUnitXMLReporter -->
<testsuite hostname="INHYNBCG-349" ignored="2" name="Default test(failed)" tests="1" failures="0" timestamp="13 Oct 2022 13:55:11 GMT" time="20.823" errors="0">
  <testcase name="VerifyFileUploadTest" time="10.866" classname="vertex.CD.testcases.FileUploadPageTest"/>
  <testcase name="verifyFileUploadPageTitleTest" time="0.0" classname="vertex.CD.testcases.FileUploadPageTest">
    <ignored/>
  </testcase> <!-- verifyFileUploadPageTitleTest -->
  <testcase name="fileUploadPageLoadedTest" time="0.0" classname="vertex.CD.testcases.FileUploadPageTest">
    <ignored/>
  </testcase> <!-- fileUploadPageLoadedTest -->
</testsuite> <!-- Default test(failed) -->
