<?xml version="1.0" encoding="UTF-8"?>
<!-- Generated by org.testng.reporters.JUnitXMLReporter -->
<testsuite ignored="0" hostname="INHYNBCG-349" failures="1" tests="5" name="Test" time="130.867" errors="0" timestamp="2024-03-21T18:36:48 IST">
  <testcase classname="vertex.CD.testcases.HomePageTest" name="@BeforeMethod setup" time="26.079">
    <failure type="org.openqa.selenium.TimeoutException" message="timeout: Timed out receiving message from renderer: 18.623
  (Session info: chrome=123.0.6312.58)
Build info: version: &amp;apos;4.11.0&amp;apos;, revision: &amp;apos;040bc5406b&amp;apos;
System info: os.name: &amp;apos;Windows 11&amp;apos;, os.arch: &amp;apos;amd64&amp;apos;, os.version: &amp;apos;10.0&amp;apos;, java.version: &amp;apos;17.0.8&amp;apos;
Driver info: org.openqa.selenium.chrome.ChromeDriver
Command: [051b56505169038f9b7d7ddf4e3aeee9, get {url=https://preprod.claimdriver.com/IWD/V2/Account/Login?ReturnUrl=/IWD/V2}]
Capabilities {acceptInsecureCerts: false, browserName: chrome, browserVersion: 123.0.6312.58, chrome: {chromedriverVersion: 123.0.6312.58 (6b4b19e9dfbb..., userDataDir: C:\Users\jayant.t\AppData\L...}, fedcm:accounts: true, goog:chromeOptions: {debuggerAddress: localhost:62735}, networkConnectionEnabled: false, pageLoadStrategy: normal, platformName: windows, proxy: Proxy(), se:cdp: ws://localhost:62735/devtoo..., se:cdpVersion: 123.0.6312.58, setWindowRect: true, strictFileInteractability: false, timeouts: {implicit: 0, pageLoad: 300000, script: 30000}, unhandledPromptBehavior: dismiss and notify, webauthn:extension:credBlob: true, webauthn:extension:largeBlob: true, webauthn:extension:minPinLength: true, webauthn:extension:prf: true, webauthn:virtualAuthenticators: true}
Session ID: 051b56505169038f9b7d7ddf4e3aeee9">
      <![CDATA[org.openqa.selenium.TimeoutException: timeout: Timed out receiving message from renderer: 18.623
  (Session info: chrome=123.0.6312.58)
Build info: version: '4.11.0', revision: '040bc5406b'
System info: os.name: 'Windows 11', os.arch: 'amd64', os.version: '10.0', java.version: '17.0.8'
Driver info: org.openqa.selenium.chrome.ChromeDriver
Command: [051b56505169038f9b7d7ddf4e3aeee9, get {url=https://preprod.claimdriver.com/IWD/V2/Account/Login?ReturnUrl=/IWD/V2}]
Capabilities {acceptInsecureCerts: false, browserName: chrome, browserVersion: 123.0.6312.58, chrome: {chromedriverVersion: 123.0.6312.58 (6b4b19e9dfbb..., userDataDir: C:\Users\jayant.t\AppData\L...}, fedcm:accounts: true, goog:chromeOptions: {debuggerAddress: localhost:62735}, networkConnectionEnabled: false, pageLoadStrategy: normal, platformName: windows, proxy: Proxy(), se:cdp: ws://localhost:62735/devtoo..., se:cdpVersion: 123.0.6312.58, setWindowRect: true, strictFileInteractability: false, timeouts: {implicit: 0, pageLoad: 300000, script: 30000}, unhandledPromptBehavior: dismiss and notify, webauthn:extension:credBlob: true, webauthn:extension:largeBlob: true, webauthn:extension:minPinLength: true, webauthn:extension:prf: true, webauthn:virtualAuthenticators: true}
Session ID: 051b56505169038f9b7d7ddf4e3aeee9
at org.openqa.selenium.remote.codec.w3c.W3CHttpResponseCodec.createException(W3CHttpResponseCodec.java:200)
at org.openqa.selenium.remote.codec.w3c.W3CHttpResponseCodec.decode(W3CHttpResponseCodec.java:133)
at org.openqa.selenium.remote.codec.w3c.W3CHttpResponseCodec.decode(W3CHttpResponseCodec.java:52)
at org.openqa.selenium.remote.HttpCommandExecutor.execute(HttpCommandExecutor.java:191)
at org.openqa.selenium.remote.service.DriverCommandExecutor.invokeExecute(DriverCommandExecutor.java:196)
at org.openqa.selenium.remote.service.DriverCommandExecutor.execute(DriverCommandExecutor.java:171)
at org.openqa.selenium.remote.RemoteWebDriver.execute(RemoteWebDriver.java:518)
at org.openqa.selenium.remote.RemoteWebDriver.get(RemoteWebDriver.java:300)
at vertex.CD.base.TestBase.initialization(TestBase.java:84)
at vertex.CD.testcases.HomePageTest.setup(HomePageTest.java:30)
at java.base/java.util.ArrayList.forEach(ArrayList.java:1511)
... Removed 36 stack frames]]>
    </failure>
  </testcase> <!-- @BeforeMethod setup -->
  <testcase classname="vertex.CD.testcases.HomePageTest" name="@AfterMethod tearDown" time="0.0">
    <skipped/>
  </testcase> <!-- @AfterMethod tearDown -->
  <testcase classname="vertex.CD.testcases.HomePageTest" name="verifyHomePageTitleTest" time="0.069">
    <failure type="java.lang.AssertionError" message="expected [Homes | ClaimDriver] but found [Home | ClaimDriver]">
      <![CDATA[java.lang.AssertionError: expected [Homes | ClaimDriver] but found [Home | ClaimDriver]
at vertex.CD.testcases.HomePageTest.verifyHomePageTitleTest(HomePageTest.java:38)
at java.base/java.util.ArrayList.forEach(ArrayList.java:1511)
... Removed 33 stack frames]]>
    </failure>
  </testcase> <!-- verifyHomePageTitleTest -->
  <testcase classname="vertex.CD.testcases.HomePageTest" name="verify_MyComm_Dashboard_Page_Loaded_Test" time="11.714"/>
  <testcase classname="vertex.CD.testcases.HomePageTest" name="verify_Open_Files_Page_Loaded_Test" time="5.506"/>
  <testcase classname="vertex.CD.testcases.HomePageTest" name="verify_LogOut_happening_Test" time="4.801"/>
  <testcase classname="vertex.CD.testcases.HomePageTest" name="verify_Recent_File_Present_Test" time="0.0">
    <skipped/>
  </testcase> <!-- verify_Recent_File_Present_Test -->
</testsuite> <!-- Test -->
