<?xml version="1.0" encoding="UTF-8"?>
<!-- Generated by org.testng.reporters.JUnitXMLReporter -->
<testsuite hostname="INHYNBCG-349" ignored="2" name="Test(failed)" tests="1" failures="0" timestamp="13 Oct 2022 14:02:45 GMT" time="47.339" errors="0">
  <testcase name="verifyClaimCreationTestbyDataDriven" time="37.637" classname="vertex.CD.testcases.NewWorkOrderPageTest"/>
  <testcase name="verifyNewWorkOrderPageTitleTest" time="0.0" classname="vertex.CD.testcases.NewWorkOrderPageTest">
    <ignored/>
  </testcase> <!-- verifyNewWorkOrderPageTitleTest -->
  <testcase name="verifyNewWorkOrderPageLoadedTest" time="0.0" classname="vertex.CD.testcases.NewWorkOrderPageTest">
    <ignored/>
  </testcase> <!-- verifyNewWorkOrderPageLoadedTest -->
</testsuite> <!-- Test(failed) -->
