<?xml version="1.0" encoding="UTF-8"?>
<!-- Generated by org.testng.reporters.JUnitReportReporter -->
<testsuite skipped="0" hostname="INHYNBCG-349" name="vertex.CD.adminPageTestcases.VendorVettingPageTest" tests="2" failures="0" timestamp="23 Dec 2022 10:20:49 GMT" time="38.854" errors="0">
  <testcase name="verify_Vendor_Vetting_Page_Title_Test" time="18.801" classname="vertex.CD.adminPageTestcases.VendorVettingPageTest"/>
  <testcase name="verify_Vendor_Vetting_Page_Loaded_Test" time="20.053" classname="vertex.CD.adminPageTestcases.VendorVettingPageTest"/>
</testsuite> <!-- vertex.CD.adminPageTestcases.VendorVettingPageTest -->
