<?xml version="1.0" encoding="UTF-8"?>
<!-- Generated by org.testng.reporters.JUnitReportReporter -->
<testsuite skipped="0" hostname="INHYNBCG-349" name="vertex.CD.adminPageTestcases.MaintenancePageTest" tests="2" failures="0" timestamp="23 Dec 2022 11:23:36 GMT" time="34.467" errors="0">
  <testcase name="verify_Admin_Page_Title_Test" time="16.939" classname="vertex.CD.adminPageTestcases.MaintenancePageTest"/>
  <testcase name="verify_Admin_Page_Loaded_Test" time="17.528" classname="vertex.CD.adminPageTestcases.MaintenancePageTest"/>
</testsuite> <!-- vertex.CD.adminPageTestcases.MaintenancePageTest -->
