<?xml version="1.0" encoding="UTF-8"?>
<!-- Generated by org.testng.reporters.JUnitReportReporter -->
<testsuite skipped="0" hostname="INHYNBCG-349" name="vertex.CD.testcases.ListFilesPageTest" tests="2" failures="0" timestamp="11 Nov 2022 14:38:01 GMT" time="25.397" errors="0">
  <testcase name="verifyListFilesPageTitleTest" time="12.331" classname="vertex.CD.testcases.ListFilesPageTest"/>
  <testcase name="verifyListFilesPageLoadedTest" time="13.066" classname="vertex.CD.testcases.ListFilesPageTest"/>
</testsuite> <!-- vertex.CD.testcases.ListFilesPageTest -->
