<?xml version="1.0" encoding="UTF-8"?>
<!-- Generated by org.testng.reporters.JUnitReportReporter -->
<testsuite skipped="0" hostname="INHYNBCG-349" name="vertex.CD.testcases.ListMessagesPageTest" tests="2" failures="0" timestamp="11 Nov 2022 14:38:01 GMT" time="25.236" errors="0">
  <testcase name="verifyListFilesPageTitleTest" time="12.097" classname="vertex.CD.testcases.ListMessagesPageTest"/>
  <testcase name="verifyListFilesPageLoadedTest" time="13.139" classname="vertex.CD.testcases.ListMessagesPageTest"/>
</testsuite> <!-- vertex.CD.testcases.ListMessagesPageTest -->
