<?xml version="1.0" encoding="UTF-8"?>
<!-- Generated by org.testng.reporters.JUnitReportReporter -->
<testsuite skipped="0" hostname="INHYNBCG-349" name="vertex.CD.testcases.AdminPageTest" tests="2" failures="0" timestamp="22 Dec 2022 10:57:15 GMT" time="62.903" errors="0">
  <testcase name="verify_Admin_Page_Title_Test" time="21.955" classname="vertex.CD.testcases.AdminPageTest"/>
  <testcase name="verify_Admin_Page_Loaded_Test" time="40.948" classname="vertex.CD.testcases.AdminPageTest"/>
</testsuite> <!-- vertex.CD.testcases.AdminPageTest -->
