<?xml version="1.0" encoding="UTF-8"?>
<!-- Generated by org.testng.reporters.JUnitReportReporter -->
<testsuite skipped="0" hostname="INHYNBCG-349" name="vertex.CD.testcases.CBFieldValidationsTest" tests="8" failures="0" timestamp="03 Feb 2023 11:21:41 GMT" time="8.391" errors="0">
  <testcase name="verify_Brand_Field_Disabled_Test" time="1.078" classname="vertex.CD.testcases.CBFieldValidationsTest"/>
  <testcase name="verify_Shop_Number_Field_Disabled_Test" time="1.054" classname="vertex.CD.testcases.CBFieldValidationsTest"/>
  <testcase name="verify_Fleet_Name_Field_Disabled_Test" time="1.044" classname="vertex.CD.testcases.CBFieldValidationsTest"/>
  <testcase name="verify_Parts_Discount_Field_Disabled_Test" time="1.045" classname="vertex.CD.testcases.CBFieldValidationsTest"/>
  <testcase name="verify_Labor_Discount_Field_Disabled_Test" time="1.044" classname="vertex.CD.testcases.CBFieldValidationsTest"/>
  <testcase name="verify_Subtotal_Discount_Field_Disabled_Test" time="1.035" classname="vertex.CD.testcases.CBFieldValidationsTest"/>
  <testcase name="verify_Reviewed_By_Field_Disabled_Test" time="1.037" classname="vertex.CD.testcases.CBFieldValidationsTest"/>
  <testcase name="verify_Approved_By_Field_Disabled_Test" time="1.054" classname="vertex.CD.testcases.CBFieldValidationsTest"/>
</testsuite> <!-- vertex.CD.testcases.CBFieldValidationsTest -->
