<?xml version="1.0" encoding="UTF-8"?>
<!-- Generated by org.testng.reporters.JUnitReportReporter -->
<testsuite skipped="4" hostname="INHYNBCG-349" name="vertex.CD.testcases.ReBrandNewWorkOrderPageTest" tests="4" failures="0" timestamp="12 Jun 2023 11:18:39 GMT" time="0.000" errors="0">
  <testcase name="verifyClaimCreationTestbyDataDriven" time="0.000" classname="vertex.CD.testcases.ReBrandNewWorkOrderPageTest">
    <skipped/>
  </testcase> <!-- verifyClaimCreationTestbyDataDriven -->
  <testcase name="verifyNewWorkOrderPageTitleTest" classname="vertex.CD.testcases.ReBrandNewWorkOrderPageTest">
    <skipped/>
  </testcase> <!-- verifyNewWorkOrderPageTitleTest -->
  <testcase name="verifyClaimCreationTest" classname="vertex.CD.testcases.ReBrandNewWorkOrderPageTest">
    <skipped/>
  </testcase> <!-- verifyClaimCreationTest -->
  <testcase name="verifyNewReBrandWorkOrderPageLoadedTest" classname="vertex.CD.testcases.ReBrandNewWorkOrderPageTest">
    <skipped/>
  </testcase> <!-- verifyNewReBrandWorkOrderPageLoadedTest -->
</testsuite> <!-- vertex.CD.testcases.ReBrandNewWorkOrderPageTest -->
