<?xml version="1.0" encoding="UTF-8"?>
<!-- Generated by org.testng.reporters.JUnitReportReporter -->
<testsuite skipped="2" hostname="INHYNBCG-349" name="vertex.CD.testcases.FileUploadPageTest" tests="3" failures="0" timestamp="11 Nov 2022 14:38:01 GMT" time="21.239" errors="0">
  <testcase name="VerifyFileUploadTest" time="21.239" classname="vertex.CD.testcases.FileUploadPageTest"/>
  <testcase name="verifyFileUploadPageTitleTest" classname="vertex.CD.testcases.FileUploadPageTest">
    <skipped/>
  </testcase> <!-- verifyFileUploadPageTitleTest -->
  <testcase name="fileUploadPageLoadedTest" classname="vertex.CD.testcases.FileUploadPageTest">
    <skipped/>
  </testcase> <!-- fileUploadPageLoadedTest -->
</testsuite> <!-- vertex.CD.testcases.FileUploadPageTest -->
