<?xml version="1.0" encoding="UTF-8"?>
<!-- Generated by org.testng.reporters.JUnitReportReporter -->
<testsuite skipped="0" hostname="INHYNBCG-349" name="vertex.CD.adminPageTestcases.RulesPageTest" tests="2" failures="0" timestamp="23 Dec 2022 09:53:43 GMT" time="36.382" errors="0">
  <testcase name="verify_Admin_Page_Title_Test" time="18.149" classname="vertex.CD.adminPageTestcases.RulesPageTest"/>
  <testcase name="verify_Admin_Page_Loaded_Test" time="18.233" classname="vertex.CD.adminPageTestcases.RulesPageTest"/>
</testsuite> <!-- vertex.CD.adminPageTestcases.RulesPageTest -->
