<?xml version="1.0" encoding="UTF-8"?>
<!-- Generated by org.testng.reporters.JUnitReportReporter -->
<testsuite skipped="0" hostname="INHYNBCG-349" name="vertex.CD.adminPageTestcases.AdminPageTest" tests="2" failures="0" timestamp="23 Dec 2022 11:23:36 GMT" time="40.038" errors="0">
  <testcase name="verify_Admin_Page_Title_Test" time="18.410" classname="vertex.CD.adminPageTestcases.AdminPageTest"/>
  <testcase name="verify_Admin_Page_Loaded_Test" time="21.628" classname="vertex.CD.adminPageTestcases.AdminPageTest"/>
</testsuite> <!-- vertex.CD.adminPageTestcases.AdminPageTest -->
