<?xml version="1.0" encoding="UTF-8"?>
<!-- Generated by org.testng.reporters.JUnitReportReporter -->
<testsuite skipped="1" hostname="INHYNBCG-349" name="vertex.CD.testcases.ClaimAcceptRejectByCBuserTest" tests="2" failures="0" timestamp="23 Mar 2023 09:32:02 GMT" time="108.720" errors="0">
  <testcase name="verify_Accept_Claim_And_Submit_Test" time="108.720" classname="vertex.CD.testcases.ClaimAcceptRejectByCBuserTest"/>
  <testcase name="verify_Reject_Claim_And_Submit_Test" classname="vertex.CD.testcases.ClaimAcceptRejectByCBuserTest">
    <skipped/>
  </testcase> <!-- verify_Reject_Claim_And_Submit_Test -->
</testsuite> <!-- vertex.CD.testcases.ClaimAcceptRejectByCBuserTest -->
