<?xml version="1.0" encoding="UTF-8"?>
<!-- Generated by org.testng.reporters.JUnitReportReporter -->
<testsuite hostname="INHYNBCG-349" failures="0" tests="4" name="vertex.CD.testcases.NewWorkOrderPageTest" time="39.649" errors="0" timestamp="2023-08-10T14:40:30 IST" skipped="3">
  <testcase classname="vertex.CD.testcases.NewWorkOrderPageTest" name="popupclickTest" time="39.649"/>
  <testcase classname="vertex.CD.testcases.NewWorkOrderPageTest" name="verifyNewWorkOrderPageLoadedTest">
    <skipped/>
  </testcase> <!-- verifyNewWorkOrderPageLoadedTest -->
  <testcase classname="vertex.CD.testcases.NewWorkOrderPageTest" name="verifyNewWorkOrderPageTitleTest">
    <skipped/>
  </testcase> <!-- verifyNewWorkOrderPageTitleTest -->
  <testcase classname="vertex.CD.testcases.NewWorkOrderPageTest" name="verifyClaimCreationTestbyDataDriven">
    <skipped/>
  </testcase> <!-- verifyClaimCreationTestbyDataDriven -->
</testsuite> <!-- vertex.CD.testcases.NewWorkOrderPageTest -->
