<?xml version="1.0" encoding="UTF-8"?>
<!-- Generated by org.testng.reporters.JUnitReportReporter -->
<testsuite skipped="0" hostname="INHYNBCG-349" name="vertex.CD.testcases.CBFieldsReadOnlyBodyShopUserTest" tests="10" failures="0" timestamp="03 Apr 2023 13:38:01 GMT" time="15.607" errors="0">
  <testcase name="verify_Brand_Field_Disabled_ForShopUser_Test" time="6.117" classname="vertex.CD.testcases.CBFieldsReadOnlyBodyShopUserTest"/>
  <testcase name="verify_Shop_Number_Field_Disabled_ForShopUser_Test" time="1.057" classname="vertex.CD.testcases.CBFieldsReadOnlyBodyShopUserTest"/>
  <testcase name="verify_Fleet_Name_Field_Disabled_ForShopUser_Test" time="1.053" classname="vertex.CD.testcases.CBFieldsReadOnlyBodyShopUserTest"/>
  <testcase name="verify_Parts_Discount_Field_Disabled_ForShopUser_Test" time="1.076" classname="vertex.CD.testcases.CBFieldsReadOnlyBodyShopUserTest"/>
  <testcase name="verify_Labor_Discount_Field_Disabled_ForShopUser_Test" time="1.033" classname="vertex.CD.testcases.CBFieldsReadOnlyBodyShopUserTest"/>
  <testcase name="verify_Subtotal_Discount_Field_Disabled_ForShopUser_Test" time="1.054" classname="vertex.CD.testcases.CBFieldsReadOnlyBodyShopUserTest"/>
  <testcase name="verify_Reviewed_By_Field_Disabled_ForShopUser_Test" time="1.055" classname="vertex.CD.testcases.CBFieldsReadOnlyBodyShopUserTest"/>
  <testcase name="verify_Approved_By_Field_Disabled_For_ShopUser_Test" time="1.053" classname="vertex.CD.testcases.CBFieldsReadOnlyBodyShopUserTest"/>
  <testcase name="verify_Accepted_Option_Disabled_For_ShopUser_Test" time="1.070" classname="vertex.CD.testcases.CBFieldsReadOnlyBodyShopUserTest"/>
  <testcase name="verify_Rejected_Option_Disabled_For_ShopUser_Test" time="1.039" classname="vertex.CD.testcases.CBFieldsReadOnlyBodyShopUserTest"/>
</testsuite> <!-- vertex.CD.testcases.CBFieldsReadOnlyBodyShopUserTest -->
