<?xml version="1.0" encoding="UTF-8"?>
<!-- Generated by org.testng.reporters.JUnitReportReporter -->
<testsuite skipped="0" hostname="INHYNBCG-349" name="vertex.CD.adminPageTestcases.SecurityPageTest" tests="2" failures="0" timestamp="23 Dec 2022 11:09:29 GMT" time="39.513" errors="0">
  <testcase name="verify_Security_Page_Title_Test" time="18.158" classname="vertex.CD.adminPageTestcases.SecurityPageTest"/>
  <testcase name="verify_Security_Page_Loaded_Test" time="21.355" classname="vertex.CD.adminPageTestcases.SecurityPageTest"/>
</testsuite> <!-- vertex.CD.adminPageTestcases.SecurityPageTest -->
