<?xml version="1.0" encoding="UTF-8"?>
<!-- Generated by org.testng.reporters.JUnitReportReporter -->
<testsuite hostname="INHYNBCG-349" failures="0" tests="10" name="vertex.CD.testcases.NewCentralBillingClaimCreationTest" time="18.894" errors="1" timestamp="2024-10-04T13:03:50 IST" skipped="9">
  <testcase classname="vertex.CD.testcases.NewCentralBillingClaimCreationTest" name="setup" time="18.887">
    <error message="Keys to send should be a not null CharSequence" type="java.lang.IllegalArgumentException">
      <![CDATA[java.lang.IllegalArgumentException: Keys to send should be a not null CharSequence
at org.openqa.selenium.remote.RemoteWebElement.sendKeys(RemoteWebElement.java:97)
at java.base/jdk.internal.reflect.NativeMethodAccessorImpl.invoke0(Native Method)
at java.base/jdk.internal.reflect.NativeMethodAccessorImpl.invoke(NativeMethodAccessorImpl.java:77)
at java.base/jdk.internal.reflect.DelegatingMethodAccessorImpl.invoke(DelegatingMethodAccessorImpl.java:43)
at java.base/java.lang.reflect.Method.invoke(Method.java:568)
at org.openqa.selenium.support.pagefactory.internal.LocatingElementHandler.invoke(LocatingElementHandler.java:51)
at jdk.proxy2/jdk.proxy2.$Proxy18.sendKeys(Unknown Source)
at vertex.CD.pages.LoginPage.login(LoginPage.java:59)
at vertex.CD.testcases.NewCentralBillingClaimCreationTest.setup(NewCentralBillingClaimCreationTest.java:82)
at java.base/jdk.internal.reflect.NativeMethodAccessorImpl.invoke0(Native Method)
at java.base/jdk.internal.reflect.NativeMethodAccessorImpl.invoke(NativeMethodAccessorImpl.java:77)
at java.base/jdk.internal.reflect.DelegatingMethodAccessorImpl.invoke(DelegatingMethodAccessorImpl.java:43)
at java.base/java.lang.reflect.Method.invoke(Method.java:568)
at org.testng.internal.invokers.MethodInvocationHelper.invokeMethod(MethodInvocationHelper.java:139)
at org.testng.internal.invokers.MethodInvocationHelper.invokeMethodConsideringTimeout(MethodInvocationHelper.java:69)
at org.testng.internal.invokers.ConfigInvoker.invokeConfigurationMethod(ConfigInvoker.java:390)
at org.testng.internal.invokers.ConfigInvoker.invokeConfigurations(ConfigInvoker.java:325)
at org.testng.internal.invokers.TestMethodWorker.invokeBeforeClassMethods(TestMethodWorker.java:180)
at org.testng.internal.invokers.TestMethodWorker.run(TestMethodWorker.java:122)
at java.base/java.util.ArrayList.forEach(ArrayList.java:1511)
at org.testng.TestRunner.privateRun(TestRunner.java:848)
at org.testng.TestRunner.run(TestRunner.java:621)
at org.testng.SuiteRunner.runTest(SuiteRunner.java:443)
at org.testng.SuiteRunner.runSequentially(SuiteRunner.java:437)
at org.testng.SuiteRunner.privateRun(SuiteRunner.java:397)
at org.testng.SuiteRunner.run(SuiteRunner.java:336)
at org.testng.SuiteRunnerWorker.runSuite(SuiteRunnerWorker.java:52)
at org.testng.SuiteRunnerWorker.run(SuiteRunnerWorker.java:95)
at org.testng.TestNG.runSuitesSequentially(TestNG.java:1280)
at org.testng.TestNG.runSuitesLocally(TestNG.java:1200)
at org.testng.TestNG.runSuites(TestNG.java:1114)
at org.testng.TestNG.run(TestNG.java:1082)
at org.testng.remote.AbstractRemoteTestNG.run(AbstractRemoteTestNG.java:115)
at org.testng.remote.RemoteTestNG.initAndRun(RemoteTestNG.java:251)
at org.testng.remote.RemoteTestNG.main(RemoteTestNG.java:77)
]]>
    </error>
  </testcase> <!-- setup -->
  <testcase classname="vertex.CD.testcases.NewCentralBillingClaimCreationTest" name="verifyClaimCreationTestbyDataDriven" time="0.000">
    <skipped/>
  </testcase> <!-- verifyClaimCreationTestbyDataDriven -->
  <testcase classname="vertex.CD.testcases.NewCentralBillingClaimCreationTest" name="verifyClaimCreationTestbyDataDriven" time="0.007">
    <skipped/>
  </testcase> <!-- verifyClaimCreationTestbyDataDriven -->
  <testcase classname="vertex.CD.testcases.NewCentralBillingClaimCreationTest" name="verifyClaimCreationTestbyDataDriven" time="0.000">
    <skipped/>
  </testcase> <!-- verifyClaimCreationTestbyDataDriven -->
  <testcase classname="vertex.CD.testcases.NewCentralBillingClaimCreationTest" name="verifyClaimCreationTestbyDataDriven" time="0.000">
    <skipped/>
  </testcase> <!-- verifyClaimCreationTestbyDataDriven -->
  <testcase classname="vertex.CD.testcases.NewCentralBillingClaimCreationTest" name="verifyClaimCreationTestbyDataDriven" time="0.000">
    <skipped/>
  </testcase> <!-- verifyClaimCreationTestbyDataDriven -->
  <testcase classname="vertex.CD.testcases.NewCentralBillingClaimCreationTest" name="verifyClaimCreationTestbyDataDriven" time="0.000">
    <skipped/>
  </testcase> <!-- verifyClaimCreationTestbyDataDriven -->
  <testcase classname="vertex.CD.testcases.NewCentralBillingClaimCreationTest" name="verifyNewWorkOrderPageTitleTest">
    <skipped/>
  </testcase> <!-- verifyNewWorkOrderPageTitleTest -->
  <testcase classname="vertex.CD.testcases.NewCentralBillingClaimCreationTest" name="verifyNewWorkOrderPageLoadedTest">
    <skipped/>
  </testcase> <!-- verifyNewWorkOrderPageLoadedTest -->
  <testcase classname="vertex.CD.testcases.NewCentralBillingClaimCreationTest" name="popupclickTest">
    <skipped/>
  </testcase> <!-- popupclickTest -->
</testsuite> <!-- vertex.CD.testcases.NewCentralBillingClaimCreationTest -->
