<?xml version="1.0" encoding="UTF-8"?>
<!-- Generated by org.testng.reporters.JUnitReportReporter -->
<testsuite skipped="0" hostname="INHYNBCG-349" name="vertex.CD.adminPageTestcases.VendorMgmtPageTest" tests="2" failures="0" timestamp="23 Dec 2022 10:07:05 GMT" time="37.700" errors="0">
  <testcase name="verify_VendorMgmt_Page_Title_Test" time="18.073" classname="vertex.CD.adminPageTestcases.VendorMgmtPageTest"/>
  <testcase name="verify_VendorMgmt_Page_Loaded_Test" time="19.627" classname="vertex.CD.adminPageTestcases.VendorMgmtPageTest"/>
</testsuite> <!-- vertex.CD.adminPageTestcases.VendorMgmtPageTest -->
