<?xml version="1.0" encoding="UTF-8"?>
<!-- Generated by org.testng.reporters.JUnitReportReporter -->
<testsuite skipped="0" hostname="INHYNBCG-349" name="vertex.CD.testcases.CBFieldsNotReadOnlyForAdminUserTest" tests="11" failures="1" timestamp="03 Apr 2023 13:50:16 GMT" time="11.498" errors="0">
  <testcase name="verify_Brand_Field_Editable_For_Admin_User_Test" time="1.064" classname="vertex.CD.testcases.CBFieldsNotReadOnlyForAdminUserTest"/>
  <testcase name="verify_Shop_Number_Field_Editable_For_Admin_User_Test" time="1.055" classname="vertex.CD.testcases.CBFieldsNotReadOnlyForAdminUserTest"/>
  <testcase name="verify_Fleet_Name_Field_Editable_For_Admin_User_Test" time="1.054" classname="vertex.CD.testcases.CBFieldsNotReadOnlyForAdminUserTest"/>
  <testcase name="verify_Parts_Discount_Field_Editable_For_Admin_User_Test" time="1.038" classname="vertex.CD.testcases.CBFieldsNotReadOnlyForAdminUserTest"/>
  <testcase name="verify_Labor_Discount_Field_Editable_For_Admin_User_Test" time="1.037" classname="vertex.CD.testcases.CBFieldsNotReadOnlyForAdminUserTest"/>
  <testcase name="verify_Subtotal_Discount_Field_Editable_For_Admin_User_Test" time="1.025" classname="vertex.CD.testcases.CBFieldsNotReadOnlyForAdminUserTest"/>
  <testcase name="verify_Reviewed_By_Field_Editable_For_Admin_User_Test" time="1.024" classname="vertex.CD.testcases.CBFieldsNotReadOnlyForAdminUserTest"/>
  <testcase name="verify_Approved_By_Field_Editable_For_Admin_User_Test" time="1.038" classname="vertex.CD.testcases.CBFieldsNotReadOnlyForAdminUserTest"/>
  <testcase name="verify_SubTotal_Field_Editable_For_Admin_User_Test" time="1.053" classname="vertex.CD.testcases.CBFieldsNotReadOnlyForAdminUserTest">
    <failure type="java.lang.AssertionError" message="expected [false] but found [true]">
      <![CDATA[java.lang.AssertionError: expected [false] but found [true]
at org.testng.Assert.fail(Assert.java:96)
at org.testng.Assert.failNotEquals(Assert.java:776)
at org.testng.Assert.assertFalse(Assert.java:65)
at org.testng.Assert.assertFalse(Assert.java:75)
at vertex.CD.testcases.CBFieldsNotReadOnlyForAdminUserTest.verify_SubTotal_Field_Editable_For_Admin_User_Test(CBFieldsNotReadOnlyForAdminUserTest.java:119)
at sun.reflect.NativeMethodAccessorImpl.invoke0(Native Method)
at sun.reflect.NativeMethodAccessorImpl.invoke(Unknown Source)
at sun.reflect.DelegatingMethodAccessorImpl.invoke(Unknown Source)
at java.lang.reflect.Method.invoke(Unknown Source)
at org.testng.internal.MethodInvocationHelper.invokeMethod(MethodInvocationHelper.java:124)
at org.testng.internal.Invoker.invokeMethod(Invoker.java:583)
at org.testng.internal.Invoker.invokeTestMethod(Invoker.java:719)
at org.testng.internal.Invoker.invokeTestMethods(Invoker.java:989)
at org.testng.internal.TestMethodWorker.invokeTestMethods(TestMethodWorker.java:125)
at org.testng.internal.TestMethodWorker.run(TestMethodWorker.java:109)
at org.testng.TestRunner.privateRun(TestRunner.java:648)
at org.testng.TestRunner.run(TestRunner.java:505)
at org.testng.SuiteRunner.runTest(SuiteRunner.java:455)
at org.testng.SuiteRunner.runSequentially(SuiteRunner.java:450)
at org.testng.SuiteRunner.privateRun(SuiteRunner.java:415)
at org.testng.SuiteRunner.run(SuiteRunner.java:364)
at org.testng.SuiteRunnerWorker.runSuite(SuiteRunnerWorker.java:52)
at org.testng.SuiteRunnerWorker.run(SuiteRunnerWorker.java:84)
at org.testng.TestNG.runSuitesSequentially(TestNG.java:1208)
at org.testng.TestNG.runSuitesLocally(TestNG.java:1137)
at org.testng.TestNG.runSuites(TestNG.java:1049)
at org.testng.TestNG.run(TestNG.java:1017)
at org.testng.remote.AbstractRemoteTestNG.run(AbstractRemoteTestNG.java:114)
at org.testng.remote.RemoteTestNG.initAndRun(RemoteTestNG.java:251)
at org.testng.remote.RemoteTestNG.main(RemoteTestNG.java:77)
]]>
    </failure>
  </testcase> <!-- verify_SubTotal_Field_Editable_For_Admin_User_Test -->
  <testcase name="verify_Accepted_Option_Disabled_For_ShopUser_Test" time="1.055" classname="vertex.CD.testcases.CBFieldsNotReadOnlyForAdminUserTest"/>
  <testcase name="verify_Rejected_Option_Disabled_For_ShopUser_Test" time="1.055" classname="vertex.CD.testcases.CBFieldsNotReadOnlyForAdminUserTest"/>
</testsuite> <!-- vertex.CD.testcases.CBFieldsNotReadOnlyForAdminUserTest -->
