<?xml version="1.0" encoding="UTF-8"?>
<!-- Generated by org.testng.reporters.JUnitReportReporter -->
<testsuite skipped="17" hostname="INHYNBCG-349" name="vertex.CD.testcases.OpenedFilePageTest" tests="18" failures="0" timestamp="18 Jan 2023 11:26:15 GMT" time="53.309" errors="0">
  <testcase name="verify_Reject__Claim_And_Submit_Test" time="53.309" classname="vertex.CD.testcases.OpenedFilePageTest"/>
  <testcase name="verify_Activity_Log_Page_Loaded_Test" classname="vertex.CD.testcases.OpenedFilePageTest">
    <skipped/>
  </testcase> <!-- verify_Activity_Log_Page_Loaded_Test -->
  <testcase name="verify_Documents_Page_Title_Test" classname="vertex.CD.testcases.OpenedFilePageTest">
    <skipped/>
  </testcase> <!-- verify_Documents_Page_Title_Test -->
  <testcase name="verify_Overview_Page_Loaded_Test" classname="vertex.CD.testcases.OpenedFilePageTest">
    <skipped/>
  </testcase> <!-- verify_Overview_Page_Loaded_Test -->
  <testcase name="verify_Accept__Claim_And_Submit_Test" classname="vertex.CD.testcases.OpenedFilePageTest">
    <skipped/>
  </testcase> <!-- verify_Accept__Claim_And_Submit_Test -->
  <testcase name="verify_Opened_File_Page_Loaded_Test" classname="vertex.CD.testcases.OpenedFilePageTest">
    <skipped/>
  </testcase> <!-- verify_Opened_File_Page_Loaded_Test -->
  <testcase name="verify_Calendar_Page_Loaded_Test" classname="vertex.CD.testcases.OpenedFilePageTest">
    <skipped/>
  </testcase> <!-- verify_Calendar_Page_Loaded_Test -->
  <testcase name="verify_Calendar_Page_Title_Test" classname="vertex.CD.testcases.OpenedFilePageTest">
    <skipped/>
  </testcase> <!-- verify_Calendar_Page_Title_Test -->
  <testcase name="verify_Forms_Page_Title_Test" classname="vertex.CD.testcases.OpenedFilePageTest">
    <skipped/>
  </testcase> <!-- verify_Forms_Page_Title_Test -->
  <testcase name="verify_Activity_Log_Page_Title_Test" classname="vertex.CD.testcases.OpenedFilePageTest">
    <skipped/>
  </testcase> <!-- verify_Activity_Log_Page_Title_Test -->
  <testcase name="verify_Overview_Page_Title_Test" classname="vertex.CD.testcases.OpenedFilePageTest">
    <skipped/>
  </testcase> <!-- verify_Overview_Page_Title_Test -->
  <testcase name="verify_File_ReOpened_Test" classname="vertex.CD.testcases.OpenedFilePageTest">
    <skipped/>
  </testcase> <!-- verify_File_ReOpened_Test -->
  <testcase name="verify_Opened_File_Page_Title_Test" classname="vertex.CD.testcases.OpenedFilePageTest">
    <skipped/>
  </testcase> <!-- verify_Opened_File_Page_Title_Test -->
  <testcase name="verify_Documents_Page_Loaded_Test" classname="vertex.CD.testcases.OpenedFilePageTest">
    <skipped/>
  </testcase> <!-- verify_Documents_Page_Loaded_Test -->
  <testcase name="verify_File_Closed_Test" classname="vertex.CD.testcases.OpenedFilePageTest">
    <skipped/>
  </testcase> <!-- verify_File_Closed_Test -->
  <testcase name="verify_Tasks_Page_Loaded_Test" classname="vertex.CD.testcases.OpenedFilePageTest">
    <skipped/>
  </testcase> <!-- verify_Tasks_Page_Loaded_Test -->
  <testcase name="verify_Forms_Page_Loaded_Test" classname="vertex.CD.testcases.OpenedFilePageTest">
    <skipped/>
  </testcase> <!-- verify_Forms_Page_Loaded_Test -->
  <testcase name="verify_Tasks_Page_Title_Test" classname="vertex.CD.testcases.OpenedFilePageTest">
    <skipped/>
  </testcase> <!-- verify_Tasks_Page_Title_Test -->
</testsuite> <!-- vertex.CD.testcases.OpenedFilePageTest -->
